<?xml version="1.0" encoding="UTF-8"?>
<testng-results ignored="0" total="1" passed="1" failed="0" skipped="0">
  <reporter-output>
  </reporter-output>
  <suite started-at="2021-09-30T14:57:36 EDT" name="iNetBanking" finished-at="2021-09-30T14:57:40 EDT" duration-ms="3940">
    <groups>
    </groups>
    <test started-at="2021-09-30T14:57:36 EDT" name="Banking App" finished-at="2021-09-30T14:57:40 EDT" duration-ms="3940">
      <class name="com.qa.iNetBanking.testCases.TC_LoginPage_001">
        <test-method is-config="true" signature="setup(java.lang.String)[pri:0, instance:com.qa.iNetBanking.testCases.TC_LoginPage_001@2638011]" started-at="2021-09-30T14:57:36 EDT" name="setup" finished-at="2021-09-30T14:57:39 EDT" duration-ms="2661" status="PASS">
          <params>
            <param index="0">
              <value>
                <![CDATA[chrome]]>
              </value>
            </param>
          </params>
          <reporter-output>
          </reporter-output>
        </test-method> <!-- setup -->
        <test-method signature="LoginTest()[pri:0, instance:com.qa.iNetBanking.testCases.TC_LoginPage_001@2638011]" started-at="2021-09-30T14:57:39 EDT" name="LoginTest" finished-at="2021-09-30T14:57:39 EDT" duration-ms="529" status="PASS">
          <reporter-output>
          </reporter-output>
        </test-method> <!-- LoginTest -->
        <test-method is-config="true" signature="tearDown()[pri:0, instance:com.qa.iNetBanking.testCases.TC_LoginPage_001@2638011]" started-at="2021-09-30T14:57:39 EDT" name="tearDown" finished-at="2021-09-30T14:57:40 EDT" duration-ms="594" status="PASS">
          <reporter-output>
          </reporter-output>
        </test-method> <!-- tearDown -->
      </class> <!-- com.qa.iNetBanking.testCases.TC_LoginPage_001 -->
    </test> <!-- Banking App -->
  </suite> <!-- iNetBanking -->
</testng-results>
