<?xml version="1.0" encoding="UTF-8"?>
<testng-results skipped="0" failed="0" ignored="0" total="1" passed="1">
  <reporter-output>
  </reporter-output>
  <suite name="iNetBanking" duration-ms="5222" started-at="2021-08-17T14:12:08 EDT" finished-at="2021-08-17T14:12:13 EDT">
    <groups>
    </groups>
    <test name="Banking App" duration-ms="5222" started-at="2021-08-17T14:12:08 EDT" finished-at="2021-08-17T14:12:13 EDT">
      <class name="com.qa.iNetBanking.testCases.TC_LoginPage_001">
        <test-method status="PASS" signature="setup(java.lang.String)[pri:0, instance:com.qa.iNetBanking.testCases.TC_LoginPage_001@3632be31]" name="setup" is-config="true" duration-ms="3774" started-at="2021-08-17T14:12:08 EDT" finished-at="2021-08-17T14:12:12 EDT">
          <params>
            <param index="0">
              <value>
                <![CDATA[chrome]]>
              </value>
            </param>
          </params>
          <reporter-output>
          </reporter-output>
        </test-method> <!-- setup -->
        <test-method status="PASS" signature="LoginTest()[pri:0, instance:com.qa.iNetBanking.testCases.TC_LoginPage_001@3632be31]" name="LoginTest" duration-ms="704" started-at="2021-08-17T14:12:12 EDT" finished-at="2021-08-17T14:12:12 EDT">
          <reporter-output>
          </reporter-output>
        </test-method> <!-- LoginTest -->
        <test-method status="PASS" signature="tearDown()[pri:0, instance:com.qa.iNetBanking.testCases.TC_LoginPage_001@3632be31]" name="tearDown" is-config="true" duration-ms="599" started-at="2021-08-17T14:12:12 EDT" finished-at="2021-08-17T14:12:13 EDT">
          <reporter-output>
          </reporter-output>
        </test-method> <!-- tearDown -->
      </class> <!-- com.qa.iNetBanking.testCases.TC_LoginPage_001 -->
    </test> <!-- Banking App -->
  </suite> <!-- iNetBanking -->
</testng-results>
